[debug] [2024-11-28T08:35:37.761Z] ----------------------------------------------------------------------
[debug] [2024-11-28T08:35:37.762Z] Command:       /Users/selim/.nvm/versions/node/v18.20.5/bin/node /Users/selim/.npm-global/bin/firebase deploy --only functions
[debug] [2024-11-28T08:35:37.762Z] CLI Version:   13.0.2
[debug] [2024-11-28T08:35:37.762Z] Platform:      darwin
[debug] [2024-11-28T08:35:37.762Z] Node Version:  v18.20.5
[debug] [2024-11-28T08:35:37.763Z] Time:          Thu Nov 28 2024 11:35:37 GMT+0300 (GMT+03:00)
[debug] [2024-11-28T08:35:37.763Z] ----------------------------------------------------------------------
[debug] 
[debug] [2024-11-28T08:35:37.800Z] > command requires scopes: ["email","openid","https://www.googleapis.com/auth/cloudplatformprojects.readonly","https://www.googleapis.com/auth/firebase","https://www.googleapis.com/auth/cloud-platform"]
[debug] [2024-11-28T08:35:37.800Z] > authorizing via signed-in user (nurettinselim03@gmail.com)
[debug] [2024-11-28T08:35:37.800Z] [iam] checking project gdsc-tr-events for permissions ["cloudfunctions.functions.create","cloudfunctions.functions.delete","cloudfunctions.functions.get","cloudfunctions.functions.list","cloudfunctions.functions.update","cloudfunctions.operations.get","firebase.projects.get"]
[debug] [2024-11-28T08:35:37.801Z] >>> [apiv2][query] POST https://cloudresourcemanager.googleapis.com/v1/projects/gdsc-tr-events:testIamPermissions [none]
[debug] [2024-11-28T08:35:37.801Z] >>> [apiv2][(partial)header] POST https://cloudresourcemanager.googleapis.com/v1/projects/gdsc-tr-events:testIamPermissions x-goog-quota-user=projects/gdsc-tr-events
[debug] [2024-11-28T08:35:37.801Z] >>> [apiv2][body] POST https://cloudresourcemanager.googleapis.com/v1/projects/gdsc-tr-events:testIamPermissions {"permissions":["cloudfunctions.functions.create","cloudfunctions.functions.delete","cloudfunctions.functions.get","cloudfunctions.functions.list","cloudfunctions.functions.update","cloudfunctions.operations.get","firebase.projects.get"]}
[debug] [2024-11-28T08:35:38.755Z] <<< [apiv2][status] POST https://cloudresourcemanager.googleapis.com/v1/projects/gdsc-tr-events:testIamPermissions 200
[debug] [2024-11-28T08:35:38.755Z] <<< [apiv2][body] POST https://cloudresourcemanager.googleapis.com/v1/projects/gdsc-tr-events:testIamPermissions {"permissions":["cloudfunctions.functions.create","cloudfunctions.functions.delete","cloudfunctions.functions.get","cloudfunctions.functions.list","cloudfunctions.functions.update","cloudfunctions.operations.get","firebase.projects.get"]}
[debug] [2024-11-28T08:35:38.756Z] >>> [apiv2][query] POST https://iam.googleapis.com/v1/projects/gdsc-tr-events/serviceAccounts/gdsc-tr-events@appspot.gserviceaccount.com:testIamPermissions [none]
[debug] [2024-11-28T08:35:38.756Z] >>> [apiv2][body] POST https://iam.googleapis.com/v1/projects/gdsc-tr-events/serviceAccounts/gdsc-tr-events@appspot.gserviceaccount.com:testIamPermissions {"permissions":["iam.serviceAccounts.actAs"]}
[debug] [2024-11-28T08:35:39.763Z] <<< [apiv2][status] POST https://iam.googleapis.com/v1/projects/gdsc-tr-events/serviceAccounts/gdsc-tr-events@appspot.gserviceaccount.com:testIamPermissions 200
[debug] [2024-11-28T08:35:39.763Z] <<< [apiv2][body] POST https://iam.googleapis.com/v1/projects/gdsc-tr-events/serviceAccounts/gdsc-tr-events@appspot.gserviceaccount.com:testIamPermissions {"permissions":["iam.serviceAccounts.actAs"]}
[info] 
[info] === Deploying to 'gdsc-tr-events'...
[info] 
[info] i  deploying functions 
[debug] [2024-11-28T08:35:39.765Z] >>> [apiv2][query] GET https://firebase.googleapis.com/v1beta1/projects/gdsc-tr-events [none]
[debug] [2024-11-28T08:35:40.150Z] <<< [apiv2][status] GET https://firebase.googleapis.com/v1beta1/projects/gdsc-tr-events 200
[debug] [2024-11-28T08:35:40.150Z] <<< [apiv2][body] GET https://firebase.googleapis.com/v1beta1/projects/gdsc-tr-events {"projectId":"gdsc-tr-events","projectNumber":"1055281046806","displayName":"GDSC TR Events","name":"projects/gdsc-tr-events","resources":{"hostingSite":"gdsc-tr-events"},"state":"ACTIVE","etag":"1_b7e2373f-eb45-475d-b94c-a60fba4a298a"}
[info] i  functions: preparing codebase default for deployment 
[info] i  functions: ensuring required API cloudfunctions.googleapis.com is enabled... 
[info] i  functions: ensuring required API cloudbuild.googleapis.com is enabled... 
[info] i  artifactregistry: ensuring required API artifactregistry.googleapis.com is enabled... 
[debug] [2024-11-28T08:35:40.151Z] >>> [apiv2][query] GET https://serviceusage.googleapis.com/v1/projects/gdsc-tr-events/services/cloudfunctions.googleapis.com [none]
[debug] [2024-11-28T08:35:40.151Z] >>> [apiv2][(partial)header] GET https://serviceusage.googleapis.com/v1/projects/gdsc-tr-events/services/cloudfunctions.googleapis.com x-goog-quota-user=projects/gdsc-tr-events
[debug] [2024-11-28T08:35:40.152Z] >>> [apiv2][query] GET https://serviceusage.googleapis.com/v1/projects/gdsc-tr-events/services/runtimeconfig.googleapis.com [none]
[debug] [2024-11-28T08:35:40.152Z] >>> [apiv2][(partial)header] GET https://serviceusage.googleapis.com/v1/projects/gdsc-tr-events/services/runtimeconfig.googleapis.com x-goog-quota-user=projects/gdsc-tr-events
[debug] [2024-11-28T08:35:40.153Z] >>> [apiv2][query] GET https://serviceusage.googleapis.com/v1/projects/gdsc-tr-events/services/cloudbuild.googleapis.com [none]
[debug] [2024-11-28T08:35:40.153Z] >>> [apiv2][(partial)header] GET https://serviceusage.googleapis.com/v1/projects/gdsc-tr-events/services/cloudbuild.googleapis.com x-goog-quota-user=projects/gdsc-tr-events
[debug] [2024-11-28T08:35:40.153Z] >>> [apiv2][query] GET https://serviceusage.googleapis.com/v1/projects/gdsc-tr-events/services/artifactregistry.googleapis.com [none]
[debug] [2024-11-28T08:35:40.153Z] >>> [apiv2][(partial)header] GET https://serviceusage.googleapis.com/v1/projects/gdsc-tr-events/services/artifactregistry.googleapis.com x-goog-quota-user=projects/gdsc-tr-events
[debug] [2024-11-28T08:35:41.311Z] <<< [apiv2][status] GET https://serviceusage.googleapis.com/v1/projects/gdsc-tr-events/services/runtimeconfig.googleapis.com 200
[debug] [2024-11-28T08:35:41.311Z] <<< [apiv2][body] GET https://serviceusage.googleapis.com/v1/projects/gdsc-tr-events/services/runtimeconfig.googleapis.com [omitted]
[debug] [2024-11-28T08:35:41.312Z] <<< [apiv2][status] GET https://serviceusage.googleapis.com/v1/projects/gdsc-tr-events/services/cloudfunctions.googleapis.com 200
[debug] [2024-11-28T08:35:41.312Z] <<< [apiv2][body] GET https://serviceusage.googleapis.com/v1/projects/gdsc-tr-events/services/cloudfunctions.googleapis.com [omitted]
[info] ✔  functions: required API cloudfunctions.googleapis.com is enabled 
[debug] [2024-11-28T08:35:41.321Z] <<< [apiv2][status] GET https://serviceusage.googleapis.com/v1/projects/gdsc-tr-events/services/artifactregistry.googleapis.com 200
[debug] [2024-11-28T08:35:41.322Z] <<< [apiv2][body] GET https://serviceusage.googleapis.com/v1/projects/gdsc-tr-events/services/artifactregistry.googleapis.com [omitted]
[info] ✔  artifactregistry: required API artifactregistry.googleapis.com is enabled 
[debug] [2024-11-28T08:35:41.326Z] <<< [apiv2][status] GET https://serviceusage.googleapis.com/v1/projects/gdsc-tr-events/services/cloudbuild.googleapis.com 200
[debug] [2024-11-28T08:35:41.327Z] <<< [apiv2][body] GET https://serviceusage.googleapis.com/v1/projects/gdsc-tr-events/services/cloudbuild.googleapis.com [omitted]
[info] ✔  functions: required API cloudbuild.googleapis.com is enabled 
[debug] [2024-11-28T08:35:41.327Z] >>> [apiv2][query] GET https://firebase.googleapis.com/v1beta1/projects/gdsc-tr-events/adminSdkConfig [none]
